mode: set
github.com/stasxgaming/bookings/internal/handlers/handlers.go:21.47,25.2 1 1
github.com/stasxgaming/bookings/internal/handlers/handlers.go:27.33,29.2 1 1
github.com/stasxgaming/bookings/internal/handlers/handlers.go:31.67,41.2 5 1
github.com/stasxgaming/bookings/internal/handlers/handlers.go:43.68,53.2 5 1
github.com/stasxgaming/bookings/internal/handlers/handlers.go:55.74,57.2 1 0
github.com/stasxgaming/bookings/internal/handlers/handlers.go:59.78,63.2 3 0
github.com/stasxgaming/bookings/internal/handlers/handlers.go:65.70,67.2 1 1
github.com/stasxgaming/bookings/internal/handlers/handlers.go:69.66,71.2 1 1
github.com/stasxgaming/bookings/internal/handlers/handlers.go:73.67,81.2 4 0
github.com/stasxgaming/bookings/internal/handlers/handlers.go:83.71,85.16 2 1
github.com/stasxgaming/bookings/internal/handlers/handlers.go:89.2,101.19 5 1
github.com/stasxgaming/bookings/internal/handlers/handlers.go:112.2,113.66 2 1
github.com/stasxgaming/bookings/internal/handlers/handlers.go:85.16,87.3 1 0
github.com/stasxgaming/bookings/internal/handlers/handlers.go:101.19,110.3 4 0
github.com/stasxgaming/bookings/internal/handlers/handlers.go:121.78,128.16 3 0
github.com/stasxgaming/bookings/internal/handlers/handlers.go:132.2,134.22 3 0
github.com/stasxgaming/bookings/internal/handlers/handlers.go:128.16,130.3 1 0
github.com/stasxgaming/bookings/internal/handlers/handlers.go:137.81,139.9 2 1
github.com/stasxgaming/bookings/internal/handlers/handlers.go:145.2,150.4 3 0
github.com/stasxgaming/bookings/internal/handlers/handlers.go:139.9,144.3 4 1
